<?xml version="1.0" encoding="UTF-8"?>
<coverage generated="1644360381754" clover="3.2.0">
  <project timestamp="1644360381754" name="All files">
    <metrics statements="19" coveredstatements="3" conditionals="6" coveredconditionals="1" methods="8" coveredmethods="2" elements="33" coveredelements="6" complexity="0" loc="19" ncloc="19" packages="2" files="3" classes="3"/>
    <package name="components">
      <metrics statements="18" coveredstatements="3" conditionals="6" coveredconditionals="1" methods="8" coveredmethods="2"/>
      <file name="Buscador.vue" path="C:\Users\bocan\Documents\Learning\azertium_it\AzertiumIt\components\Buscador.vue">
        <metrics statements="11" coveredstatements="3" conditionals="6" coveredconditionals="1" methods="4" coveredmethods="2"/>
        <line num="24" count="1" type="stmt"/>
        <line num="31" count="2" type="stmt"/>
        <line num="39" count="2" type="cond" truecount="1" falsecount="1"/>
        <line num="44" count="0" type="cond" truecount="0" falsecount="2"/>
        <line num="45" count="0" type="stmt"/>
        <line num="51" count="0" type="stmt"/>
        <line num="56" count="0" type="stmt"/>
        <line num="57" count="0" type="cond" truecount="0" falsecount="2"/>
        <line num="58" count="0" type="stmt"/>
        <line num="59" count="0" type="stmt"/>
        <line num="61" count="0" type="stmt"/>
      </file>
      <file name="TablaResultados.vue" path="C:\Users\bocan\Documents\Learning\azertium_it\AzertiumIt\components\TablaResultados.vue">
        <metrics statements="7" coveredstatements="0" conditionals="0" coveredconditionals="0" methods="4" coveredmethods="0"/>
        <line num="14" count="0" type="stmt"/>
        <line num="23" count="0" type="stmt"/>
        <line num="27" count="0" type="stmt"/>
        <line num="32" count="0" type="stmt"/>
        <line num="33" count="0" type="stmt"/>
        <line num="34" count="0" type="stmt"/>
        <line num="38" count="0" type="stmt"/>
      </file>
    </package>
    <package name="pages">
      <metrics statements="1" coveredstatements="0" conditionals="0" coveredconditionals="0" methods="0" coveredmethods="0"/>
      <file name="index.vue" path="C:\Users\bocan\Documents\Learning\azertium_it\AzertiumIt\pages\index.vue">
        <metrics statements="1" coveredstatements="0" conditionals="0" coveredconditionals="0" methods="0" coveredmethods="0"/>
        <line num="11" count="0" type="stmt"/>
      </file>
    </package>
  </project>
</coverage>
